<?xml version="1.0" encoding="UTF-8"?>
<coverage generated="1654391902094" clover="3.2.0">
  <project timestamp="1654391902094" name="All files">
    <metrics statements="12" coveredstatements="8" conditionals="8" coveredconditionals="4" methods="2" coveredmethods="2" elements="22" coveredelements="14" complexity="0" loc="12" ncloc="12" packages="1" files="1" classes="1"/>
    <file name="imc.ts" path="/Users/jerocha/pessoal-workspace/ci-fullcycle/src/imc.ts">
      <metrics statements="12" coveredstatements="8" conditionals="8" coveredconditionals="4" methods="2" coveredmethods="2"/>
      <line num="1" count="1" type="stmt"/>
      <line num="2" count="2" type="stmt"/>
      <line num="3" count="2" type="stmt"/>
      <line num="5" count="2" type="cond" truecount="1" falsecount="0"/>
      <line num="6" count="1" type="stmt"/>
      <line num="9" count="1" type="cond" truecount="3" falsecount="0"/>
      <line num="10" count="1" type="stmt"/>
      <line num="13" count="0" type="cond" truecount="0" falsecount="3"/>
      <line num="14" count="0" type="stmt"/>
      <line num="17" count="0" type="cond" truecount="0" falsecount="1"/>
      <line num="18" count="0" type="stmt"/>
      <line num="24" count="2" type="stmt"/>
    </file>
  </project>
</coverage>
